2025-05-11 18:19:23,741 - update-commands - INFO - Обновлен критерий 110: dpkg -l | grep unattended-upgrades
2025-05-11 18:19:23,742 - update-commands - INFO - Обновлен критерий 210: findmnt -n /tmp
2025-05-11 18:19:23,743 - update-commands - INFO - Обновлен критерий 310: grep "^password" /boot/grub/grub.cfg
2025-05-11 18:19:23,743 - update-commands - INFO - Обновлен критерий 409: grep -E "^\s*\*\s+hard\s+core" /etc/security/limits.conf
2025-05-11 18:19:23,744 - update-commands - INFO - Обновлен критерий 509: sysctl net.ipv4.ip_forward
2025-05-11 18:19:23,744 - update-commands - INFO - Обновлен критерий 610: rfkill list
2025-05-11 18:19:23,745 - update-commands - INFO - Обновлен критерий 710: systemctl is-active auditd
2025-05-11 18:19:23,745 - update-commands - INFO - Обновлен критерий 810: grep PASS_MAX_DAYS /etc/login.defs
2025-05-11 18:19:23,746 - update-commands - INFO - Обновлен критерий 910: grep Banner /etc/ssh/sshd_config
2025-05-11 18:19:23,747 - update-commands - INFO - Обновлен критерий 1010: stat -c "%a %u %g" /etc/passwd
2025-05-11 18:19:23,747 - update-commands - INFO - Обновлен критерий 1110: echo $PATH | grep -q "::" && echo "Empty Directory" || echo "1"
2025-05-11 18:19:23,748 - update-commands - INFO - Обновлен критерий 1210: find /home -name .forward
2025-05-11 18:19:23,753 - update-commands - INFO - Команды проверок успешно обновлены
2025-05-11 20:21:31,389 - update-commands - INFO - Обновлен критерий 110: dpkg -l | grep unattended-upgrades
2025-05-11 20:21:31,390 - update-commands - INFO - Обновлен критерий 210: findmnt -n /tmp
2025-05-11 20:21:31,391 - update-commands - INFO - Обновлен критерий 310: grep "^password" /boot/grub/grub.cfg
2025-05-11 20:21:31,391 - update-commands - INFO - Обновлен критерий 409: grep -E "^\s*\*\s+hard\s+core" /etc/security/limits.conf
2025-05-11 20:21:31,392 - update-commands - INFO - Обновлен критерий 509: sysctl net.ipv4.ip_forward
2025-05-11 20:21:31,392 - update-commands - INFO - Обновлен критерий 610: rfkill list
2025-05-11 20:21:31,393 - update-commands - INFO - Обновлен критерий 710: systemctl is-active auditd
2025-05-11 20:21:31,393 - update-commands - INFO - Обновлен критерий 810: grep PASS_MAX_DAYS /etc/login.defs
2025-05-11 20:21:31,393 - update-commands - INFO - Обновлен критерий 910: grep Banner /etc/ssh/sshd_config
2025-05-11 20:21:31,394 - update-commands - INFO - Обновлен критерий 1010: stat -c "%a %u %g" /etc/passwd
2025-05-11 20:21:31,394 - update-commands - INFO - Обновлен критерий 1110: echo $PATH | grep -q "::" && echo "Empty Directory" || echo "1"
2025-05-11 20:21:31,395 - update-commands - INFO - Обновлен критерий 1210: find /home -name .forward
2025-05-11 20:21:31,395 - update-commands - INFO - Обновлен критерий 615: sysctl net.ipv6.conf.all.disable_ipv6
2025-05-11 20:21:31,396 - update-commands - INFO - Обновлен критерий 520: systemctl is-enabled apache2 2>/dev/null || systemctl is-enabled nginx 2>/dev/null || echo disabled
2025-05-11 20:21:31,396 - update-commands - INFO - Обновлен критерий 412: sysctl kernel.randomize_va_space
2025-05-11 20:21:31,396 - update-commands - INFO - Обновлен критерий 630: ufw status | grep -E "Status:\s*active" || iptables -L -n | grep -q "REJECT\|DROP" && echo "Firewall active"
2025-05-11 20:21:31,397 - update-commands - INFO - Обновлен критерий 820: cat /etc/shadow | awk -F: '($2 == "" ) { print $1 " has no password" ; exit 1 }' || echo "No empty passwords"
2025-05-11 20:21:31,397 - update-commands - INFO - Обновлен критерий 730: dpkg -s rsyslog || dpkg -s syslog-ng || echo "No syslog service installed"
2025-05-11 20:21:31,398 - update-commands - INFO - Обновлен критерий 1020: stat -c "%a %u %g" /etc/shadow
2025-05-11 20:21:31,398 - update-commands - INFO - Обновлен критерий 550: grep -i "^PermitRootLogin" /etc/ssh/sshd_config | grep -i "no"
2025-05-11 20:21:31,399 - update-commands - INFO - Обновлен критерий 552: grep -i "^Protocol" /etc/ssh/sshd_config
2025-05-11 20:21:31,399 - update-commands - INFO - Обновлен критерий 620: ps -eZ | grep -v "^\w\{1,\}-[\w\{1,\}_]\{1,\} " | grep -v "^system_u:system_r:initrc_t:s0 " | grep -v "^unconfined_u:unconfined_r:unconfined_t:s0 " | grep -v "^unconfined_u:unconfined_r:unconfined_t:s0-s0:c0.c1023 " | tr -s " " | cut -d " " -f2 | sort -u || echo "No unconfined daemons"
2025-05-11 20:21:31,409 - update-commands - INFO - Команды проверок успешно обновлены
2025-05-11 20:50:00,152 - update-commands - INFO - Обновлен критерий 110: dpkg -l | grep unattended-upgrades
2025-05-11 20:50:00,153 - update-commands - INFO - Обновлен критерий 210: findmnt -n /tmp
2025-05-11 20:50:00,153 - update-commands - INFO - Обновлен критерий 310: grep "^password" /boot/grub/grub.cfg
2025-05-11 20:50:00,154 - update-commands - INFO - Обновлен критерий 409: grep -E "^\s*\*\s+hard\s+core" /etc/security/limits.conf
2025-05-11 20:50:00,154 - update-commands - INFO - Обновлен критерий 509: sysctl net.ipv4.ip_forward
2025-05-11 20:50:00,155 - update-commands - INFO - Обновлен критерий 610: rfkill list
2025-05-11 20:50:00,155 - update-commands - INFO - Обновлен критерий 710: systemctl is-active auditd
2025-05-11 20:50:00,155 - update-commands - INFO - Обновлен критерий 810: grep PASS_MAX_DAYS /etc/login.defs
2025-05-11 20:50:00,156 - update-commands - INFO - Обновлен критерий 910: grep Banner /etc/ssh/sshd_config
2025-05-11 20:50:00,156 - update-commands - INFO - Обновлен критерий 1010: stat -c "%a %u %g" /etc/passwd
2025-05-11 20:50:00,157 - update-commands - INFO - Обновлен критерий 1110: echo $PATH | grep -q "::" && echo "Empty Directory" || echo "1"
2025-05-11 20:50:00,157 - update-commands - INFO - Обновлен критерий 1210: find /home -name .forward
2025-05-11 20:50:00,158 - update-commands - INFO - Обновлен критерий 615: sysctl net.ipv6.conf.all.disable_ipv6
2025-05-11 20:50:00,158 - update-commands - INFO - Обновлен критерий 520: systemctl is-enabled apache2 2>/dev/null || systemctl is-enabled nginx 2>/dev/null || echo disabled
2025-05-11 20:50:00,158 - update-commands - INFO - Обновлен критерий 412: sysctl kernel.randomize_va_space
2025-05-11 20:50:00,159 - update-commands - INFO - Обновлен критерий 630: ufw status | grep -E "Status:\s*active" || iptables -L -n | grep -q "REJECT\|DROP" && echo "Firewall active"
2025-05-11 20:50:00,159 - update-commands - INFO - Обновлен критерий 820: cat /etc/shadow | awk -F: '($2 == "" ) { print $1 " has no password" ; exit 1 }' || echo "No empty passwords"
2025-05-11 20:50:00,160 - update-commands - INFO - Обновлен критерий 730: dpkg -s rsyslog || dpkg -s syslog-ng || echo "No syslog service installed"
2025-05-11 20:50:00,160 - update-commands - INFO - Обновлен критерий 1020: stat -c "%a %u %g" /etc/shadow
2025-05-11 20:50:00,161 - update-commands - INFO - Обновлен критерий 550: grep -i "^PermitRootLogin" /etc/ssh/sshd_config | grep -i "no"
2025-05-11 20:50:00,161 - update-commands - INFO - Обновлен критерий 552: grep -i "^Protocol" /etc/ssh/sshd_config
2025-05-11 20:50:00,162 - update-commands - INFO - Обновлен критерий 620: ps -eZ | grep -v "^\w\{1,\}-[\w\{1,\}_]\{1,\} " | grep -v "^system_u:system_r:initrc_t:s0 " | grep -v "^unconfined_u:unconfined_r:unconfined_t:s0 " | grep -v "^unconfined_u:unconfined_r:unconfined_t:s0-s0:c0.c1023 " | tr -s " " | cut -d " " -f2 | sort -u || echo "No unconfined daemons"
2025-05-11 20:50:00,162 - update-commands - WARNING - Критерий 120 не найден
2025-05-11 20:50:00,162 - update-commands - WARNING - Критерий 130 не найден
2025-05-11 20:50:00,163 - update-commands - WARNING - Критерий 220 не найден
2025-05-11 20:50:00,163 - update-commands - WARNING - Критерий 230 не найден
2025-05-11 20:50:00,164 - update-commands - WARNING - Критерий 320 не найден
2025-05-11 20:50:00,164 - update-commands - WARNING - Критерий 330 не найден
2025-05-11 20:50:00,165 - update-commands - WARNING - Критерий 420 не найден
2025-05-11 20:50:00,165 - update-commands - WARNING - Критерий 430 не найден
2025-05-11 20:50:00,166 - update-commands - WARNING - Критерий 530 не найден
2025-05-11 20:50:00,166 - update-commands - WARNING - Критерий 540 не найден
2025-05-11 20:50:00,166 - update-commands - WARNING - Критерий 560 не найден
2025-05-11 20:50:00,167 - update-commands - WARNING - Критерий 570 не найден
2025-05-11 20:50:00,167 - update-commands - WARNING - Критерий 640 не найден
2025-05-11 20:50:00,168 - update-commands - WARNING - Критерий 650 не найден
2025-05-11 20:50:00,168 - update-commands - WARNING - Критерий 720 не найден
2025-05-11 20:50:00,168 - update-commands - WARNING - Критерий 740 не найден
2025-05-11 20:50:00,169 - update-commands - WARNING - Критерий 750 не найден
2025-05-11 20:50:00,169 - update-commands - WARNING - Критерий 830 не найден
2025-05-11 20:50:00,169 - update-commands - WARNING - Критерий 840 не найден
2025-05-11 20:50:00,170 - update-commands - WARNING - Критерий 920 не найден
2025-05-11 20:50:00,170 - update-commands - WARNING - Критерий 930 не найден
2025-05-11 20:50:00,171 - update-commands - WARNING - Критерий 1030 не найден
2025-05-11 20:50:00,171 - update-commands - WARNING - Критерий 1040 не найден
2025-05-11 20:50:00,171 - update-commands - WARNING - Критерий 1050 не найден
2025-05-11 20:50:00,172 - update-commands - WARNING - Критерий 1120 не найден
2025-05-11 20:50:00,172 - update-commands - WARNING - Критерий 1130 не найден
2025-05-11 20:50:00,173 - update-commands - WARNING - Критерий 1220 не найден
2025-05-11 20:50:00,173 - update-commands - WARNING - Критерий 1230 не найден
2025-05-11 20:50:00,173 - update-commands - WARNING - Критерий 1240 не найден
2025-05-11 20:50:00,175 - update-commands - INFO - Команды проверок успешно обновлены
2025-05-11 20:50:27,559 - update-commands - INFO - Обновлен критерий 110: dpkg -l | grep unattended-upgrades
2025-05-11 20:50:27,559 - update-commands - INFO - Обновлен критерий 210: findmnt -n /tmp
2025-05-11 20:50:27,560 - update-commands - INFO - Обновлен критерий 310: grep "^password" /boot/grub/grub.cfg
2025-05-11 20:50:27,561 - update-commands - INFO - Обновлен критерий 409: grep -E "^\s*\*\s+hard\s+core" /etc/security/limits.conf
2025-05-11 20:50:27,561 - update-commands - INFO - Обновлен критерий 509: sysctl net.ipv4.ip_forward
2025-05-11 20:50:27,562 - update-commands - INFO - Обновлен критерий 610: rfkill list
2025-05-11 20:50:27,562 - update-commands - INFO - Обновлен критерий 710: systemctl is-active auditd
2025-05-11 20:50:27,563 - update-commands - INFO - Обновлен критерий 810: grep PASS_MAX_DAYS /etc/login.defs
2025-05-11 20:50:27,563 - update-commands - INFO - Обновлен критерий 910: grep Banner /etc/ssh/sshd_config
2025-05-11 20:50:27,564 - update-commands - INFO - Обновлен критерий 1010: stat -c "%a %u %g" /etc/passwd
2025-05-11 20:50:27,564 - update-commands - INFO - Обновлен критерий 1110: echo $PATH | grep -q "::" && echo "Empty Directory" || echo "1"
2025-05-11 20:50:27,565 - update-commands - INFO - Обновлен критерий 1210: find /home -name .forward
2025-05-11 20:50:27,565 - update-commands - INFO - Обновлен критерий 615: sysctl net.ipv6.conf.all.disable_ipv6
2025-05-11 20:50:27,566 - update-commands - INFO - Обновлен критерий 520: systemctl is-enabled apache2 2>/dev/null || systemctl is-enabled nginx 2>/dev/null || echo disabled
2025-05-11 20:50:27,566 - update-commands - INFO - Обновлен критерий 412: sysctl kernel.randomize_va_space
2025-05-11 20:50:27,566 - update-commands - INFO - Обновлен критерий 630: ufw status | grep -E "Status:\s*active" || iptables -L -n | grep -q "REJECT\|DROP" && echo "Firewall active"
2025-05-11 20:50:27,567 - update-commands - INFO - Обновлен критерий 820: cat /etc/shadow | awk -F: '($2 == "" ) { print $1 " has no password" ; exit 1 }' || echo "No empty passwords"
2025-05-11 20:50:27,567 - update-commands - INFO - Обновлен критерий 730: dpkg -s rsyslog || dpkg -s syslog-ng || echo "No syslog service installed"
2025-05-11 20:50:27,568 - update-commands - INFO - Обновлен критерий 1020: stat -c "%a %u %g" /etc/shadow
2025-05-11 20:50:27,569 - update-commands - INFO - Обновлен критерий 550: grep -i "^PermitRootLogin" /etc/ssh/sshd_config | grep -i "no"
2025-05-11 20:50:27,569 - update-commands - INFO - Обновлен критерий 552: grep -i "^Protocol" /etc/ssh/sshd_config
2025-05-11 20:50:27,570 - update-commands - INFO - Обновлен критерий 620: ps -eZ | grep -v "^\w\{1,\}-[\w\{1,\}_]\{1,\} " | grep -v "^system_u:system_r:initrc_t:s0 " | grep -v "^unconfined_u:unconfined_r:unconfined_t:s0 " | grep -v "^unconfined_u:unconfined_r:unconfined_t:s0-s0:c0.c1023 " | tr -s " " | cut -d " " -f2 | sort -u || echo "No unconfined daemons"
2025-05-11 20:50:27,571 - update-commands - WARNING - Критерий 120 не найден
2025-05-11 20:50:27,572 - update-commands - WARNING - Критерий 130 не найден
2025-05-11 20:50:27,572 - update-commands - WARNING - Критерий 220 не найден
2025-05-11 20:50:27,573 - update-commands - WARNING - Критерий 230 не найден
2025-05-11 20:50:27,573 - update-commands - WARNING - Критерий 320 не найден
2025-05-11 20:50:27,574 - update-commands - WARNING - Критерий 330 не найден
2025-05-11 20:50:27,574 - update-commands - WARNING - Критерий 420 не найден
2025-05-11 20:50:27,575 - update-commands - WARNING - Критерий 430 не найден
2025-05-11 20:50:27,575 - update-commands - WARNING - Критерий 530 не найден
2025-05-11 20:50:27,576 - update-commands - WARNING - Критерий 540 не найден
2025-05-11 20:50:27,576 - update-commands - WARNING - Критерий 560 не найден
2025-05-11 20:50:27,577 - update-commands - WARNING - Критерий 570 не найден
2025-05-11 20:50:27,577 - update-commands - WARNING - Критерий 640 не найден
2025-05-11 20:50:27,577 - update-commands - WARNING - Критерий 650 не найден
2025-05-11 20:50:27,578 - update-commands - WARNING - Критерий 720 не найден
2025-05-11 20:50:27,578 - update-commands - WARNING - Критерий 740 не найден
2025-05-11 20:50:27,579 - update-commands - WARNING - Критерий 750 не найден
2025-05-11 20:50:27,579 - update-commands - WARNING - Критерий 830 не найден
2025-05-11 20:50:27,580 - update-commands - WARNING - Критерий 840 не найден
2025-05-11 20:50:27,580 - update-commands - WARNING - Критерий 920 не найден
2025-05-11 20:50:27,581 - update-commands - WARNING - Критерий 930 не найден
2025-05-11 20:50:27,581 - update-commands - WARNING - Критерий 1030 не найден
2025-05-11 20:50:27,582 - update-commands - WARNING - Критерий 1040 не найден
2025-05-11 20:50:27,582 - update-commands - WARNING - Критерий 1050 не найден
2025-05-11 20:50:27,583 - update-commands - WARNING - Критерий 1120 не найден
2025-05-11 20:50:27,583 - update-commands - WARNING - Критерий 1130 не найден
2025-05-11 20:50:27,583 - update-commands - WARNING - Критерий 1220 не найден
2025-05-11 20:50:27,584 - update-commands - WARNING - Критерий 1230 не найден
2025-05-11 20:50:27,584 - update-commands - WARNING - Критерий 1240 не найден
2025-05-11 20:50:27,586 - update-commands - INFO - Команды проверок успешно обновлены
2025-05-11 20:53:38,890 - update-commands - INFO - Обновлен критерий 110: dpkg -l | grep unattended-upgrades
2025-05-11 20:53:38,891 - update-commands - INFO - Обновлен критерий 210: findmnt -n /tmp
2025-05-11 20:53:38,892 - update-commands - INFO - Обновлен критерий 310: grep "^password" /boot/grub/grub.cfg
2025-05-11 20:53:38,892 - update-commands - INFO - Обновлен критерий 409: grep -E "^\s*\*\s+hard\s+core" /etc/security/limits.conf
2025-05-11 20:53:38,893 - update-commands - INFO - Обновлен критерий 509: sysctl net.ipv4.ip_forward
2025-05-11 20:53:38,893 - update-commands - INFO - Обновлен критерий 610: rfkill list
2025-05-11 20:53:38,894 - update-commands - INFO - Обновлен критерий 710: systemctl is-active auditd
2025-05-11 20:53:38,894 - update-commands - INFO - Обновлен критерий 810: grep PASS_MAX_DAYS /etc/login.defs
2025-05-11 20:53:38,895 - update-commands - INFO - Обновлен критерий 910: grep Banner /etc/ssh/sshd_config
2025-05-11 20:53:38,895 - update-commands - INFO - Обновлен критерий 1010: stat -c "%a %u %g" /etc/passwd
2025-05-11 20:53:38,895 - update-commands - INFO - Обновлен критерий 1110: echo $PATH | grep -q "::" && echo "Empty Directory" || echo "1"
2025-05-11 20:53:38,896 - update-commands - INFO - Обновлен критерий 1210: find /home -name .forward
2025-05-11 20:53:38,896 - update-commands - INFO - Обновлен критерий 615: sysctl net.ipv6.conf.all.disable_ipv6
2025-05-11 20:53:38,897 - update-commands - INFO - Обновлен критерий 520: systemctl is-enabled apache2 2>/dev/null || systemctl is-enabled nginx 2>/dev/null || echo disabled
2025-05-11 20:53:38,897 - update-commands - INFO - Обновлен критерий 412: sysctl kernel.randomize_va_space
2025-05-11 20:53:38,898 - update-commands - INFO - Обновлен критерий 630: ufw status | grep -E "Status:\s*active" || iptables -L -n | grep -q "REJECT\|DROP" && echo "Firewall active"
2025-05-11 20:53:38,898 - update-commands - INFO - Обновлен критерий 820: cat /etc/shadow | awk -F: '($2 == "" ) { print $1 " has no password" ; exit 1 }' || echo "No empty passwords"
2025-05-11 20:53:38,899 - update-commands - INFO - Обновлен критерий 730: dpkg -s rsyslog || dpkg -s syslog-ng || echo "No syslog service installed"
2025-05-11 20:53:38,899 - update-commands - INFO - Обновлен критерий 1020: stat -c "%a %u %g" /etc/shadow
2025-05-11 20:53:38,900 - update-commands - INFO - Обновлен критерий 550: grep -i "^PermitRootLogin" /etc/ssh/sshd_config | grep -i "no"
2025-05-11 20:53:38,901 - update-commands - INFO - Обновлен критерий 552: grep -i "^Protocol" /etc/ssh/sshd_config
2025-05-11 20:53:38,901 - update-commands - INFO - Обновлен критерий 620: ps -eZ | grep -v "^\w\{1,\}-[\w\{1,\}_]\{1,\} " | grep -v "^system_u:system_r:initrc_t:s0 " | grep -v "^unconfined_u:unconfined_r:unconfined_t:s0 " | grep -v "^unconfined_u:unconfined_r:unconfined_t:s0-s0:c0.c1023 " | tr -s " " | cut -d " " -f2 | sort -u || echo "No unconfined daemons"
2025-05-11 20:53:38,902 - update-commands - WARNING - Критерий 120 не найден
2025-05-11 20:53:38,902 - update-commands - WARNING - Критерий 130 не найден
2025-05-11 20:53:38,903 - update-commands - WARNING - Критерий 220 не найден
2025-05-11 20:53:38,903 - update-commands - WARNING - Критерий 230 не найден
2025-05-11 20:53:38,904 - update-commands - WARNING - Критерий 320 не найден
2025-05-11 20:53:38,904 - update-commands - WARNING - Критерий 330 не найден
2025-05-11 20:53:38,904 - update-commands - WARNING - Критерий 420 не найден
2025-05-11 20:53:38,905 - update-commands - WARNING - Критерий 430 не найден
2025-05-11 20:53:38,905 - update-commands - WARNING - Критерий 530 не найден
2025-05-11 20:53:38,906 - update-commands - WARNING - Критерий 540 не найден
2025-05-11 20:53:38,906 - update-commands - WARNING - Критерий 560 не найден
2025-05-11 20:53:38,906 - update-commands - WARNING - Критерий 570 не найден
2025-05-11 20:53:38,907 - update-commands - WARNING - Критерий 640 не найден
2025-05-11 20:53:38,907 - update-commands - WARNING - Критерий 650 не найден
2025-05-11 20:53:38,908 - update-commands - WARNING - Критерий 720 не найден
2025-05-11 20:53:38,908 - update-commands - WARNING - Критерий 740 не найден
2025-05-11 20:53:38,909 - update-commands - WARNING - Критерий 750 не найден
2025-05-11 20:53:38,909 - update-commands - WARNING - Критерий 830 не найден
2025-05-11 20:53:38,909 - update-commands - WARNING - Критерий 840 не найден
2025-05-11 20:53:38,910 - update-commands - WARNING - Критерий 920 не найден
2025-05-11 20:53:38,910 - update-commands - WARNING - Критерий 930 не найден
2025-05-11 20:53:38,911 - update-commands - WARNING - Критерий 1030 не найден
2025-05-11 20:53:38,911 - update-commands - WARNING - Критерий 1040 не найден
2025-05-11 20:53:38,912 - update-commands - WARNING - Критерий 1050 не найден
2025-05-11 20:53:38,912 - update-commands - WARNING - Критерий 1120 не найден
2025-05-11 20:53:38,913 - update-commands - WARNING - Критерий 1130 не найден
2025-05-11 20:53:38,913 - update-commands - WARNING - Критерий 1220 не найден
2025-05-11 20:53:38,914 - update-commands - WARNING - Критерий 1230 не найден
2025-05-11 20:53:38,914 - update-commands - WARNING - Критерий 1240 не найден
2025-05-11 20:53:38,915 - update-commands - INFO - Команды проверок успешно обновлены
2025-05-11 20:54:37,317 - update-commands - INFO - Обновлен критерий 110: dpkg -l | grep unattended-upgrades
2025-05-11 20:54:37,317 - update-commands - INFO - Обновлен критерий 210: findmnt -n /tmp
2025-05-11 20:54:37,318 - update-commands - INFO - Обновлен критерий 310: grep "^password" /boot/grub/grub.cfg
2025-05-11 20:54:37,318 - update-commands - INFO - Обновлен критерий 409: grep -E "^\s*\*\s+hard\s+core" /etc/security/limits.conf
2025-05-11 20:54:37,319 - update-commands - INFO - Обновлен критерий 509: sysctl net.ipv4.ip_forward
2025-05-11 20:54:37,319 - update-commands - INFO - Обновлен критерий 610: rfkill list
2025-05-11 20:54:37,320 - update-commands - INFO - Обновлен критерий 710: systemctl is-active auditd
2025-05-11 20:54:37,320 - update-commands - INFO - Обновлен критерий 810: grep PASS_MAX_DAYS /etc/login.defs
2025-05-11 20:54:37,320 - update-commands - INFO - Обновлен критерий 910: grep Banner /etc/ssh/sshd_config
2025-05-11 20:54:37,321 - update-commands - INFO - Обновлен критерий 1010: stat -c "%a %u %g" /etc/passwd
2025-05-11 20:54:37,321 - update-commands - INFO - Обновлен критерий 1110: echo $PATH | grep -q "::" && echo "Empty Directory" || echo "1"
2025-05-11 20:54:37,322 - update-commands - INFO - Обновлен критерий 1210: find /home -name .forward
2025-05-11 20:54:37,322 - update-commands - INFO - Обновлен критерий 615: sysctl net.ipv6.conf.all.disable_ipv6
2025-05-11 20:54:37,322 - update-commands - INFO - Обновлен критерий 520: systemctl is-enabled apache2 2>/dev/null || systemctl is-enabled nginx 2>/dev/null || echo disabled
2025-05-11 20:54:37,323 - update-commands - INFO - Обновлен критерий 412: sysctl kernel.randomize_va_space
2025-05-11 20:54:37,323 - update-commands - INFO - Обновлен критерий 630: ufw status | grep -E "Status:\s*active" || iptables -L -n | grep -q "REJECT\|DROP" && echo "Firewall active"
2025-05-11 20:54:37,323 - update-commands - INFO - Обновлен критерий 820: cat /etc/shadow | awk -F: '($2 == "" ) { print $1 " has no password" ; exit 1 }' || echo "No empty passwords"
2025-05-11 20:54:37,324 - update-commands - INFO - Обновлен критерий 730: dpkg -s rsyslog || dpkg -s syslog-ng || echo "No syslog service installed"
2025-05-11 20:54:37,324 - update-commands - INFO - Обновлен критерий 1020: stat -c "%a %u %g" /etc/shadow
2025-05-11 20:54:37,325 - update-commands - INFO - Обновлен критерий 550: grep -i "^PermitRootLogin" /etc/ssh/sshd_config | grep -i "no"
2025-05-11 20:54:37,325 - update-commands - INFO - Обновлен критерий 552: grep -i "^Protocol" /etc/ssh/sshd_config
2025-05-11 20:54:37,326 - update-commands - INFO - Обновлен критерий 620: ps -eZ | grep -v "^\w\{1,\}-[\w\{1,\}_]\{1,\} " | grep -v "^system_u:system_r:initrc_t:s0 " | grep -v "^unconfined_u:unconfined_r:unconfined_t:s0 " | grep -v "^unconfined_u:unconfined_r:unconfined_t:s0-s0:c0.c1023 " | tr -s " " | cut -d " " -f2 | sort -u || echo "No unconfined daemons"
2025-05-11 20:54:37,326 - update-commands - INFO - Обновлен критерий 120: apt list --upgradable | grep -q 'upgradable' && echo 'Upgrades needed' || echo 'No upgrades needed'
2025-05-11 20:54:37,327 - update-commands - INFO - Обновлен критерий 130: grep -E '^deb\s+[^http:|file:]' /etc/apt/sources.list /etc/apt/sources.list.d/*.list 2>/dev/null || echo 'All transports secure'
2025-05-11 20:54:37,327 - update-commands - INFO - Обновлен критерий 220: findmnt -n /tmp | grep -q 'nodev' && echo 'nodev set' || echo 'nodev not set'
2025-05-11 20:54:37,327 - update-commands - INFO - Обновлен критерий 230: findmnt -n /tmp | grep -q 'nosuid' && echo 'nosuid set' || echo 'nosuid not set'
2025-05-11 20:54:37,328 - update-commands - INFO - Обновлен критерий 320: stat -L -c "%a %u %g" /boot/grub/grub.cfg | grep -q '400 0 0' && echo 'Permissions correct' || echo 'Permissions incorrect'
2025-05-11 20:54:37,328 - update-commands - INFO - Обновлен критерий 330: grep -q '^root:[*!]:' /etc/shadow && echo 'Authentication required' || echo 'No authentication required'
2025-05-11 20:54:37,328 - update-commands - INFO - Обновлен критерий 420: dpkg -s prelink 2>/dev/null | grep -q 'Status: install' && echo 'Prelink installed' || echo 'Prelink not installed'
2025-05-11 20:54:37,329 - update-commands - INFO - Обновлен критерий 430: grep -q 'fs.suid_dumpable = 0' /etc/sysctl.conf /etc/sysctl.d/* && echo 'Core dumps protected' || echo 'Core dumps may be exposed'
2025-05-11 20:54:37,329 - update-commands - INFO - Обновлен критерий 530: grep -E '^MaxAuthTries\s+[1-4]' /etc/ssh/sshd_config && echo 'Correctly configured' || echo 'Not properly configured'
2025-05-11 20:54:37,330 - update-commands - INFO - Обновлен критерий 540: grep -i "^LogLevel INFO" /etc/ssh/sshd_config && echo 'Correctly configured' || echo 'Not properly configured'
2025-05-11 20:54:37,330 - update-commands - INFO - Обновлен критерий 560: grep -i "^PermitEmptyPasswords" /etc/ssh/sshd_config | grep -i "no" && echo 'Correctly configured' || echo 'Not properly configured'
2025-05-11 20:54:37,331 - update-commands - INFO - Обновлен критерий 570: grep -i "^X11Forwarding" /etc/ssh/sshd_config | grep -i "no" && echo 'X11 forwarding disabled' || echo 'X11 forwarding not disabled'
2025-05-11 20:54:37,331 - update-commands - INFO - Обновлен критерий 640: iptables -L OUTPUT -v -n | grep -q 'REJECT\|DROP' && echo 'Outbound filtering active' || echo 'No outbound filtering'
2025-05-11 20:54:37,331 - update-commands - INFO - Обновлен критерий 650: ip link | grep -i 'state UP' | grep -i wireless || echo 'No active wireless interfaces'
2025-05-11 20:54:37,332 - update-commands - INFO - Обновлен критерий 720: systemctl is-enabled auditd && echo 'Enabled' || echo 'Not enabled'
2025-05-11 20:54:37,332 - update-commands - INFO - Обновлен критерий 740: grep -r "^rotate" /etc/logrotate.d/ /etc/logrotate.conf | grep -v "^#" && echo 'Logrotate configured' || echo 'Logrotate not configured'
2025-05-11 20:54:37,333 - update-commands - INFO - Обновлен критерий 750: grep -E '^[^#].*@.*' /etc/rsyslog.conf /etc/rsyslog.d/*.conf && echo 'Remote logging configured' || echo 'Remote logging not configured'
2025-05-11 20:54:37,333 - update-commands - INFO - Обновлен критерий 830: grep -E '^PASS_MIN_DAYS\s+[7-9]|^PASS_MIN_DAYS\s+[1-9][0-9]+' /etc/login.defs && echo 'Correctly configured' || echo 'Not properly configured'
2025-05-11 20:54:37,333 - update-commands - INFO - Обновлен критерий 840: grep -E '^password\s+[^\s]+\s+pam_unix.so\s+.*sha512' /etc/pam.d/common-password && echo 'SHA-512 enabled' || echo 'SHA-512 not enabled'
2025-05-11 20:54:37,334 - update-commands - INFO - Обновлен критерий 920: grep -E 'Authorized users only|authorized use only|unauthorized access prohibited' /etc/issue && echo 'Warning exists' || echo 'No appropriate warning'
2025-05-11 20:54:37,334 - update-commands - INFO - Обновлен критерий 930: grep -E 'Authorized users only|authorized use only|unauthorized access prohibited' /etc/issue.net && echo 'Warning exists' || echo 'No appropriate warning'
2025-05-11 20:54:37,335 - update-commands - INFO - Обновлен критерий 1030: stat -c "%a %u %g" /etc/group | grep -q '644 0 0' && echo 'Permissions correct' || echo 'Permissions incorrect'
2025-05-11 20:54:37,335 - update-commands - INFO - Обновлен критерий 1040: stat -c "%a %u %g" /etc/gshadow | grep -q '640 0 42' && echo 'Permissions correct' || echo 'Permissions incorrect'
2025-05-11 20:54:37,335 - update-commands - INFO - Обновлен критерий 1050: df --local -P | awk {'if (NR!=1) print $6'} | xargs -I '{}' find '{}' -xdev -type d -perm -0002 -not -perm -1000 -print 2>/dev/null || echo 'No world-writable directories without sticky bit found'
2025-05-11 20:54:37,336 - update-commands - INFO - Обновлен критерий 1120: df --local -P | awk {'if (NR!=1) print $6'} | xargs -I '{}' find '{}' -xdev -type f -perm -0002 -print 2>/dev/null || echo 'No world-writable files found'
2025-05-11 20:54:37,336 - update-commands - INFO - Обновлен критерий 1130: df --local -P | awk {'if (NR!=1) print $6'} | xargs -I '{}' find '{}' -xdev -nouser -ls 2>/dev/null || echo 'No unowned files found'
2025-05-11 20:54:37,337 - update-commands - INFO - Обновлен критерий 1220: find /home -name .netrc 2>/dev/null || echo 'No .netrc files found'
2025-05-11 20:54:37,337 - update-commands - INFO - Обновлен критерий 1230: for dir in $(cut -d: -f6 /etc/passwd | grep -v '^/$'); do [ -d "$dir" ] && stat -L -c '%A' "$dir" | cut -c6-10 | grep -q '^-----$' && echo 'Permissions correct' || echo 'Permissions incorrect'; done
2025-05-11 20:54:37,337 - update-commands - INFO - Обновлен критерий 1240: grep -E '^\s*umask\s+([0-7][0-7]27|[0-7]22)' /etc/profile /etc/bash.bashrc /etc/profile.d/*.sh && echo 'Umask properly configured' || echo 'Umask not configured'
2025-05-11 20:54:37,339 - update-commands - INFO - Команды проверок успешно обновлены
